<project>
	<modelVersion>4.0.0</modelVersion>

	<groupId>de.dbo.mvn.test</groupId>
	<artifactId>mvn-properties-maven-plugin-test</artifactId>
	<version>0.0.0-SNAPSHOT</version>
	
	<properties>
	 	<test1>Test value1</test1>
	 	<test2>Test value1</test2>
	</properties>

	<build>
		<plugins>
			<plugin>
				<groupId>mvn</groupId>
				<artifactId>mvn-properties-maven-plugin</artifactId>
				<version>${project.version}</version>
				<executions>
					<execution>
						<id>read-resource-properties</id>
						<phase>initialize</phase>
						<goals>
							<goal>read-resource-properties</goal>
						</goals>
					</execution>
				</executions>
				<configuration>
					<resourceNames>
						<resourceName>versions.properties</resourceName>
					</resourceNames>  
				</configuration>
				<!-- Any jars with the above properties-resources -->
				<dependencies>
					<dependency>
						<groupId>de.dbo</groupId>
						  <artifactId>versions</artifactId>
						<version>0.0.0-SNAPSHOT</version>
					</dependency>
				</dependencies>
			</plugin>
		</plugins>
	</build>
</project>